<?xml version="1.0" encoding="UTF-8"?>
<!-- Generated by org.testng.reporters.JUnitReportReporter -->
<testsuite hostname="SJAIN08" name="edu.universit.testselenium.TestSelenium.RestTestMethod" tests="1" failures="0" timestamp="17 Dec 2017 11:12:53 GMT" time="2.625" errors="0">
  <testcase name="weatherTemp" time="2.625" classname="edu.universit.testselenium.TestSelenium.RestTestMethod"/>
</testsuite> <!-- edu.universit.testselenium.TestSelenium.RestTestMethod -->
