<?xml version="1.0" encoding="UTF-8"?>
<!-- Generated by org.testng.reporters.JUnitReportReporter -->
<testsuite hostname="SJAIN16" name="tafe.TAFE_API_Tests2" tests="2" failures="0" timestamp="24 Dec 2019 08:25:35 GMT" time="3.721" errors="0">
  <testcase name="TestCase2" time="3.709" classname="tafe.TAFE_API_Tests2"/>
  <testcase name="TestCase1" time="0.012" classname="tafe.TAFE_API_Tests2"/>
</testsuite> <!-- tafe.TAFE_API_Tests2 -->
