<?xml version="1.0" encoding="UTF-8"?>
<!-- Generated by org.testng.reporters.JUnitReportReporter -->
<testsuite hostname="SJAIN16" name="webServices_SOAP.TestCase01" tests="1" failures="0" timestamp="14 Jan 2020 02:59:33 GMT" time="2.201" errors="0">
  <testcase name="basicScript" time="2.201" classname="webServices_SOAP.TestCase01"/>
</testsuite> <!-- webServices_SOAP.TestCase01 -->
