<?xml version="1.0" encoding="UTF-8"?>
<!-- Generated by org.testng.reporters.JUnitReportReporter -->
<testsuite hostname="SJAIN08" name="edu.universit.testselenium.TestSelenium.SampleTest" tests="1" failures="0" timestamp="11 Dec 2017 12:27:26 GMT" time="0.014" errors="0">
  <testcase name="GreetMethod" time="0.014" classname="edu.universit.testselenium.TestSelenium.SampleTest"/>
</testsuite> <!-- edu.universit.testselenium.TestSelenium.SampleTest -->
