<?xml version="1.0" encoding="UTF-8"?>
<!-- Generated by org.testng.reporters.JUnitReportReporter -->
<testsuite hostname="SJAIN16" name="XMLClassFiles.XMLDeseralizeToClass" tests="1" failures="0" timestamp="15 Jan 2020 09:26:23 GMT" time="0.601" errors="0">
  <testcase name="ConvertClassObjectToString" time="0.601" classname="XMLClassFiles.XMLDeseralizeToClass"/>
</testsuite> <!-- XMLClassFiles.XMLDeseralizeToClass -->
