<?xml version="1.0" encoding="UTF-8"?>
<!-- Generated by org.testng.reporters.JUnitReportReporter -->
<testsuite hostname="SJAIN16" name="XMLUtil.XMLDeseralizeToClass" tests="1" failures="1" timestamp="25 Dec 2019 16:20:56 GMT" time="0.477" errors="0">
  <testcase name="Sample_Person" time="0.477" classname="XMLUtil.XMLDeseralizeToClass">
    <failure type="com.fasterxml.jackson.databind.JsonMappingException" message="Undeclared namespace prefix &quot;a&quot;
 at [row,col {unknown-source}]: [18,20]
 at [Source: (StringReader); line: 18, column: 4] (through reference chain: XMLUtil.Person[&quot;basicItem&quot;]-&gt;java.util.ArrayList[0]-&gt;XMLUtil.BasicItem[&quot;ruleCalculationResult&quot;])">
      <![CDATA[com.fasterxml.jackson.databind.JsonMappingException: Undeclared namespace prefix "a"
 at [row,col {unknown-source}]: [18,20]
 at [Source: (StringReader); line: 18, column: 4] (through reference chain: XMLUtil.Person["basicItem"]->java.util.ArrayList[0]->XMLUtil.BasicItem["ruleCalculationResult"])
	at com.fasterxml.jackson.databind.JsonMappingException.wrapWithPath(JsonMappingException.java:394)
	at com.fasterxml.jackson.databind.JsonMappingException.wrapWithPath(JsonMappingException.java:353)
	at com.fasterxml.jackson.databind.deser.BeanDeserializerBase.wrapAndThrow(BeanDeserializerBase.java:1711)
	at com.fasterxml.jackson.databind.deser.BeanDeserializer.vanillaDeserialize(BeanDeserializer.java:290)
	at com.fasterxml.jackson.databind.deser.BeanDeserializer.deserialize(BeanDeserializer.java:151)
	at com.fasterxml.jackson.dataformat.xml.deser.WrapperHandlingDeserializer.deserialize(WrapperHandlingDeserializer.java:113)
	at com.fasterxml.jackson.databind.deser.std.CollectionDeserializer.deserialize(CollectionDeserializer.java:286)
	at com.fasterxml.jackson.databind.deser.std.CollectionDeserializer.deserialize(CollectionDeserializer.java:245)
	at com.fasterxml.jackson.databind.deser.std.CollectionDeserializer.deserialize(CollectionDeserializer.java:27)
	at com.fasterxml.jackson.databind.deser.impl.FieldProperty.deserializeAndSet(FieldProperty.java:136)
	at com.fasterxml.jackson.databind.deser.BeanDeserializer.vanillaDeserialize(BeanDeserializer.java:288)
	at com.fasterxml.jackson.databind.deser.BeanDeserializer.deserialize(BeanDeserializer.java:151)
	at com.fasterxml.jackson.dataformat.xml.deser.WrapperHandlingDeserializer.deserialize(WrapperHandlingDeserializer.java:113)
	at com.fasterxml.jackson.databind.ObjectMapper._readMapAndClose(ObjectMapper.java:4013)
	at com.fasterxml.jackson.databind.ObjectMapper.readValue(ObjectMapper.java:3004)
	at XMLUtil.XMLDeseralizeToClass.Sample_Person(XMLDeseralizeToClass.java:30)
	at sun.reflect.NativeMethodAccessorImpl.invoke0(Native Method)
	at sun.reflect.NativeMethodAccessorImpl.invoke(Unknown Source)
	at sun.reflect.DelegatingMethodAccessorImpl.invoke(Unknown Source)
	at java.lang.reflect.Method.invoke(Unknown Source)
	at org.testng.internal.MethodInvocationHelper.invokeMethod(MethodInvocationHelper.java:80)
	at org.testng.internal.Invoker.invokeMethod(Invoker.java:714)
	at org.testng.internal.Invoker.invokeTestMethod(Invoker.java:901)
	at org.testng.internal.Invoker.invokeTestMethods(Invoker.java:1231)
	at org.testng.internal.TestMethodWorker.invokeTestMethods(TestMethodWorker.java:127)
	at org.testng.internal.TestMethodWorker.run(TestMethodWorker.java:111)
	at org.testng.TestRunner.privateRun(TestRunner.java:767)
	at org.testng.TestRunner.run(TestRunner.java:617)
	at org.testng.SuiteRunner.runTest(SuiteRunner.java:334)
	at org.testng.SuiteRunner.runSequentially(SuiteRunner.java:329)
	at org.testng.SuiteRunner.privateRun(SuiteRunner.java:291)
	at org.testng.SuiteRunner.run(SuiteRunner.java:240)
	at org.testng.SuiteRunnerWorker.runSuite(SuiteRunnerWorker.java:52)
	at org.testng.SuiteRunnerWorker.run(SuiteRunnerWorker.java:86)
	at org.testng.TestNG.runSuitesSequentially(TestNG.java:1198)
	at org.testng.TestNG.runSuitesLocally(TestNG.java:1123)
	at org.testng.TestNG.run(TestNG.java:1031)
	at org.testng.remote.AbstractRemoteTestNG.run(AbstractRemoteTestNG.java:114)
	at org.testng.remote.RemoteTestNG.initAndRun(RemoteTestNG.java:251)
	at org.testng.remote.RemoteTestNG.main(RemoteTestNG.java:77)
Caused by: com.fasterxml.jackson.core.JsonParseException: Undeclared namespace prefix "a"
 at [row,col {unknown-source}]: [18,20]
 at [Source: (StringReader); line: 18, column: 21]
	at com.fasterxml.jackson.dataformat.xml.util.StaxUtil.throwAsParseException(StaxUtil.java:37)
	at com.fasterxml.jackson.dataformat.xml.deser.FromXmlParser.nextToken(FromXmlParser.java:502)
	at com.fasterxml.jackson.databind.deser.std.CollectionDeserializer.deserialize(CollectionDeserializer.java:277)
	at com.fasterxml.jackson.databind.deser.std.CollectionDeserializer.deserialize(CollectionDeserializer.java:245)
	at com.fasterxml.jackson.databind.deser.std.CollectionDeserializer.deserialize(CollectionDeserializer.java:27)
	at com.fasterxml.jackson.databind.deser.impl.FieldProperty.deserializeAndSet(FieldProperty.java:136)
	at com.fasterxml.jackson.databind.deser.BeanDeserializer.vanillaDeserialize(BeanDeserializer.java:288)
	... 36 more
Caused by: com.ctc.wstx.exc.WstxParsingException: Undeclared namespace prefix "a"
 at [row,col {unknown-source}]: [18,20]
	at com.ctc.wstx.sr.StreamScanner.constructWfcException(StreamScanner.java:621)
	at com.ctc.wstx.sr.StreamScanner.throwParseError(StreamScanner.java:491)
	at com.ctc.wstx.sr.InputElementStack.resolveAndValidateElement(InputElementStack.java:503)
	at com.ctc.wstx.sr.BasicStreamReader.handleStartElem(BasicStreamReader.java:3059)
	at com.ctc.wstx.sr.BasicStreamReader.nextFromTree(BasicStreamReader.java:2919)
	at com.ctc.wstx.sr.BasicStreamReader.next(BasicStreamReader.java:1123)
	at com.fasterxml.jackson.dataformat.xml.deser.XmlTokenStream._collectUntilTag(XmlTokenStream.java:382)
	at com.fasterxml.jackson.dataformat.xml.deser.XmlTokenStream._next(XmlTokenStream.java:321)
	at com.fasterxml.jackson.dataformat.xml.deser.XmlTokenStream.next(XmlTokenStream.java:183)
	at com.fasterxml.jackson.dataformat.xml.deser.FromXmlParser.nextToken(FromXmlParser.java:500)
	... 41 more
]]>
    </failure>
  </testcase> <!-- Sample_Person -->
</testsuite> <!-- XMLUtil.XMLDeseralizeToClass -->
